c:\users\ehab rabie\source\repos\osgenerator\project1\debug\vc141.pdb
c:\users\ehab rabie\source\repos\osgenerator\project1\debug\vc141.idb
c:\users\ehab rabie\source\repos\osgenerator\project1\debug\process.obj
c:\users\ehab rabie\source\repos\osgenerator\project1\debug\proccessgenerator.obj
c:\users\ehab rabie\source\repos\osgenerator\project1\debug\main.obj
c:\users\ehab rabie\source\repos\osgenerator\debug\processgenerator.ilk
c:\users\ehab rabie\source\repos\osgenerator\debug\processgenerator.exe
c:\users\ehab rabie\source\repos\osgenerator\debug\processgenerator.pdb
c:\users\ehab rabie\documents\visual studio 2017\projects\osgenerator\project1\debug\main.obj
c:\users\ehab rabie\documents\visual studio 2017\projects\osgenerator\project1\debug\proccessgenerator.obj
c:\users\ehab rabie\documents\visual studio 2017\projects\osgenerator\project1\debug\process.obj
c:\users\ehab rabie\documents\visual studio 2017\projects\osgenerator\project1\debug\vc141.idb
c:\users\ehab rabie\documents\visual studio 2017\projects\osgenerator\project1\debug\vc141.pdb
c:\users\ehab rabie\documents\visual studio 2017\projects\osgenerator\debug\processgenerator.pdb
c:\users\ehab rabie\documents\visual studio 2017\projects\osgenerator\debug\processgenerator.exe
c:\users\ehab rabie\documents\visual studio 2017\projects\osgenerator\debug\processgenerator.ilk
c:\users\ehab rabie\documents\visual studio 2017\projects\osgenerator\project1\debug\processgenerator.tlog\cl.command.1.tlog
c:\users\ehab rabie\documents\visual studio 2017\projects\osgenerator\project1\debug\processgenerator.tlog\cl.read.1.tlog
c:\users\ehab rabie\documents\visual studio 2017\projects\osgenerator\project1\debug\processgenerator.tlog\cl.write.1.tlog
c:\users\ehab rabie\documents\visual studio 2017\projects\osgenerator\project1\debug\processgenerator.tlog\link.command.1.tlog
c:\users\ehab rabie\documents\visual studio 2017\projects\osgenerator\project1\debug\processgenerator.tlog\link.read.1.tlog
c:\users\ehab rabie\documents\visual studio 2017\projects\osgenerator\project1\debug\processgenerator.tlog\link.write.1.tlog
